<?xml version="1.0" encoding="UTF-8"?>
<!-- Generated by org.testng.reporters.JUnitReportReporter -->
<testsuite hostname="Robins-MacBook-Air.local" failures="0" tests="1" name="practiceFramework.TestToGetAllLinksOfPage" time="6.215" errors="0" timestamp="2025-02-11T19:19:15 EST" skipped="0">
  <testcase classname="practiceFramework.TestToGetAllLinksOfPage" name="testToGetAllLinksOfPage" time="6.215"/>
  <system-out/>
</testsuite> <!-- practiceFramework.TestToGetAllLinksOfPage -->
