<?xml version="1.0" encoding="UTF-8"?>
<!-- Generated by org.testng.reporters.JUnitReportReporter -->
<testsuite hostname="Robins-MacBook-Air.local" failures="0" tests="1" name="practiceFramework.StandAloneTest" time="3.944" errors="0" timestamp="2025-02-08T23:53:05 EST" skipped="0">
  <testcase classname="practiceFramework.StandAloneTest" name="testStandAloneTest" time="3.944"/>
  <system-out/>
</testsuite> <!-- practiceFramework.StandAloneTest -->
