<?xml version="1.0" encoding="UTF-8"?>
<!-- Generated by org.testng.reporters.JUnitReportReporter -->
<testsuite hostname="Robins-MacBook-Air.local" failures="0" tests="1" name="practiceFramework.StandAloneTest" time="9.995" errors="0" timestamp="2025-02-11T19:19:15 EST" skipped="0">
  <testcase classname="practiceFramework.StandAloneTest" name="testStandAloneTest" time="9.995"/>
  <system-out/>
</testsuite> <!-- practiceFramework.StandAloneTest -->
